1597946680465	geckodriver	INFO	Listening on 127.0.0.1:55847
1597946684965	mozrunner::runner	INFO	Running command: "C:\\Program Files\\Mozilla Firefox\\firefox.exe" "--marionette" "-foreground" "-no-remote" "-profile" "C:\\Users\\SWARNA~1\\AppData\\Local\\Temp\\rust_mozprofileCNRERa"
JavaScript error: resource://gre/modules/XULStore.jsm, line 66: Error: Can't find profile directory.
console.error: SearchCache: "_readCacheFile: Error reading cache file:" (new Error("", "(unknown module)"))
1597946732717	Marionette	INFO	Listening on port 55858
1597946734405	Marionette	WARN	TLS certificate errors will be ignored for this session
1597947973078	Marionette	INFO	Stopped listening on port 55858

###!!! [Child][RunMessage] Error: Channel closing: too late to send/recv, messages will be lost


###!!! [Child][MessageChannel::SendAndWait] Error: Channel error: cannot send/recv

l\\Temp\\rust_mozprofileb7PmkJ"
JavaScript error: resource://gre/modules/XULStore.jsm, line 66: Error: Can't find profile directory.
console.error: SearchCache: "_readCacheFile: Error reading cache file:" (new Error("", "(unknown module)"))
1597947969958	Marionette	INFO	Listening on port 56024
1597947970780	Marionette	WARN	TLS certificate errors will be ignored for this session
1597948360845	Marionette	INFO	Stopped listening on port 56024

###!!! [Child][RunMessage] Error: Channel closing: too late to send/recv, messages will be lost

JavaScript error: resource:///modules/sessionstore/SessionStore.jsm, line 5303: NS_ERROR_UNEXPECTED: Component returned failure code: 0x8000ffff (NS_ERROR_UNEXPECTED) [nsIWindowMediator.getEnumerator]

###!!! [Child][MessageChannel::SendAndWait] Error: Channel error: cannot send/recv

1597948383820	geckodriver	INFO	Listening on 127.0.0.1:56197
1597948388606	mozrunner::runner	INFO	Running command: "C:\\Program Files\\Mozilla Firefox\\firefox.exe" "--marionette" "-foreground" "-no-remote" "-profile" "C:\\Users\\SWARNA~1\\AppData\\Local\\Temp\\rust_mozprofileYYEFhR"
JavaScript error: resource://gre/modules/XULStore.jsm, line 66: Error: Can't find profile directory.
[Parent 9828, Gecko_IOThread] WARNING: file /builds/worker/checkouts/gecko/ipc/chromium/src/base/process_util_win.cc, line 166
console.error: SearchCache: "_readCacheFile: Error reading cache file:" (new Error("", "(unknown module)"))
1597948436729	Marionette	INFO	Listening on port 56206
1597948437520	Marionette	WARN	TLS certificate errors will be ignored for this session

###!!! [Parent][RunMessage] Error: Channel error: cannot send/recv


###!!! [Parent][RunMessage] Error: Channel error: cannot send/recv


###!!! [Parent][RunMessage] Error: Channel error: cannot send/recv

1597948490374	Marionette	INFO	Stopped listening on port 56206

###!!! [Child][RunMessage] Error: Channel closing: too late to send/recv, messages will be lost


###!!! [Child][MessageChannel::SendAndWait] Error: Channel error: cannot send/recv

1597948742592	geckodriver	INFO	Listening on 127.0.0.1:56337
1597948746665	mozrunner::runner	INFO	Running command: "C:\\Program Files\\Mozilla Firefox\\firefox.exe" "--marionette" "-foreground" "-no-remote" "-profile" "C:\\Users\\SWARNA~1\\AppData\\Local\\Temp\\rust_mozprofile6P5REG"
JavaScript error: resource://gre/modules/XULStore.jsm, line 66: Error: Can't find profile directory.
console.error: SearchCache: "_readCacheFile: Error reading cache file:" (new Error("", "(unknown module)"))

###!!! [Child][RunMessage] Error: Channel closing: too late to send/recv, messages will be lost

[Parent 7580, Gecko_IOThread] WARNING: file /builds/worker/checkouts/gecko/ipc/chromium/src/base/process_util_win.cc, line 166
1597948779532	Marionette	INFO	Listening on port 56346
1597948780321	Marionette	WARN	TLS certificate errors will be ignored for this session

###!!! [Parent][RunMessage] Error: Channel error: cannot send/recv


###!!! [Parent][RunMessage] Error: Channel error: cannot send/recv

1597948806365	Marionette	INFO	Stopped listening on port 56346

###!!! [Child][RunMessage] Error: Channel closing: too late to send/recv, messages will be lost


###!!! [Child][MessageChannel::SendAndWait] Error: Channel error: cannot send/recv

1597948820553	geckodriver	INFO	Listening on 127.0.0.1:56435
1597948823539	mozrunner::runner	INFO	Running command: "C:\\Program Files\\Mozilla Firefox\\firefox.exe" "--marionette" "-foreground" "-no-remote" "-profile" "C:\\Users\\SWARNA~1\\AppData\\Local\\Temp\\rust_mozprofileObOIsw"
JavaScript error: resource://gre/modules/XULStore.jsm, line 66: Error: Can't find profile directory.
console.error: SearchCache: "_readCacheFile: Error reading cache file:" (new Error("", "(unknown module)"))
1597948835683	Marionette	INFO	Listening on port 56444
1597948836054	Marionette	WARN	TLS certificate errors will be ignored for this session
[Parent 9544, Gecko_IOThread] WARNING: file /builds/worker/checkouts/gecko/ipc/chromium/src/base/process_util_win.cc, line 166
1597949204525	Marionette	INFO	Stopped listening on port 56444

###!!! [Child][MessageChannel::SendAndWait] Error: Channel error: cannot send/recv

